This is pdfTeX, Version 3.1415926-2.3-1.40.12 (MiKTeX 2.9) (preloaded format=pdflatex 2021.5.21)  22 MAY 2021 21:39
entering extended mode
**D:/code/tex/2019214979-ÂàòÊôìÂá°-ËΩØ‰ª∂19-1Áè≠/ÂãæËÇ°ÂÆöÁêÜ.tex
(D:/code/tex/2019214979-ÂàòÊôìÂá°-ËΩØ‰ª∂19-1Áè≠/ÂãæËÇ°ÂÆöÁêÜ.tex
LaTeX2e <2011/06/27>
Babel <v3.8m> and hyphenation patterns for loaded.
(D:\CTEX\MiKTeX\tex\latex\base\article.cls
Document Class: article 2007/10/19 v1.4h Standard LaTeX document class
(D:\CTEX\MiKTeX\tex\latex\base\size11.clo
File: size11.clo 2007/10/19 v1.4h Standard LaTeX file (size option)
)
\c@part=\count79
\c@section=\count80
\c@subsection=\count81
\c@subsubsection=\count82
\c@paragraph=\count83
\c@subparagraph=\count84
\c@figure=\count85
\c@table=\count86
\abovecaptionskip=\skip41
\belowcaptionskip=\skip42
\bibindent=\dimen102
)
(D:\CTEX\MiKTeX\tex\latex\cjk\CJK.sty
Package: CJK 2008/12/29 4.8.2

(D:\CTEX\MiKTeX\tex\latex\cjk\mule\MULEenc.sty
Package: MULEenc 2008/12/29 4.8.2
)
(D:\CTEX\MiKTeX\tex\latex\cjk\CJK.enc
File: CJK.enc 2008/12/29 4.8.2
)
LaTeX Info: Redefining \selectfont on input line 756.
\CJK@indent=\box26
)
(D:\CTEX\MiKTeX\tex\latex\cjk\CJKnumb.sty
Package: CJKnumb 2008/12/29 4.8.2
\CJK@q=\count87
\CJK@r=\count88
)
(D:\CTEX\MiKTeX\tex\latex\graphics\color.sty
Package: color 2005/11/14 v1.0j Standard LaTeX Color (DPC)

(D:\CTEX\MiKTeX\tex\latex\00miktex\color.cfg
File: color.cfg 2007/01/18 v1.5 color configuration of teTeX/TeXLive
)
Package color Info: Driver file: pdftex.def on input line 130.

(D:\CTEX\MiKTeX\tex\latex\pdftex-def\pdftex.def
File: pdftex.def 2011/05/27 v0.06d Graphics/color for pdfTeX

(D:\CTEX\MiKTeX\tex\generic\oberdiek\infwarerr.sty
Package: infwarerr 2010/04/08 v1.3 Providing info/warning/message (HO)
)
(D:\CTEX\MiKTeX\tex\generic\oberdiek\ltxcmds.sty
Package: ltxcmds 2011/04/18 v1.20 LaTeX kernel commands for general use (HO)
)
\Gread@gobject=\count89
))
(D:\CTEX\MiKTeX\tex\latex\tools\indentfirst.sty
Package: indentfirst 1995/11/23 v1.03 Indent first paragraph (DPC)
)
(D:\CTEX\MiKTeX\tex\latex\base\latexsym.sty
Package: latexsym 1998/08/17 v2.2e Standard LaTeX package (lasy symbols)
\symlasy=\mathgroup4
LaTeX Font Info:    Overwriting symbol font `lasy' in version `bold'
(Font)                  U/lasy/m/n --> U/lasy/b/n on input line 47.
)
(D:\CTEX\MiKTeX\tex\latex\tools\bm.sty
Package: bm 2004/02/26 v1.1c Bold Symbol Support (DPC/FMi)
\symboldoperators=\mathgroup5
\symboldletters=\mathgroup6
\symboldsymbols=\mathgroup7
\symboldlasy=\mathgroup8
LaTeX Font Info:    Redeclaring math alphabet \mathbf on input line 138.
LaTeX Info: Redefining \bm on input line 204.
)
(D:\CTEX\MiKTeX\tex\latex\ams\math\amsmath.sty
Package: amsmath 2000/07/18 v2.13 AMS math features
\@mathmargin=\skip43

For additional information on amsmath, use the `?' option.
(D:\CTEX\MiKTeX\tex\latex\ams\math\amstext.sty
Package: amstext 2000/06/29 v2.01

(D:\CTEX\MiKTeX\tex\latex\ams\math\amsgen.sty
File: amsgen.sty 1999/11/30 v2.0
\@emptytoks=\toks14
\ex@=\dimen103
))
(D:\CTEX\MiKTeX\tex\latex\ams\math\amsbsy.sty
Package: amsbsy 1999/11/29 v1.2d
LaTeX Info: Redefining \boldsymbol on input line 54.
\pmbraise@=\dimen104
)
(D:\CTEX\MiKTeX\tex\latex\ams\math\amsopn.sty
Package: amsopn 1999/12/14 v2.01 operator names
)
\inf@bad=\count90
LaTeX Info: Redefining \frac on input line 211.
\uproot@=\count91
\leftroot@=\count92
LaTeX Info: Redefining \overline on input line 307.
\classnum@=\count93
\DOTSCASE@=\count94
LaTeX Info: Redefining \ldots on input line 379.
LaTeX Info: Redefining \dots on input line 382.
LaTeX Info: Redefining \cdots on input line 467.
\Mathstrutbox@=\box27
\strutbox@=\box28
\big@size=\dimen105
LaTeX Font Info:    Redeclaring font encoding OML on input line 567.
LaTeX Font Info:    Redeclaring font encoding OMS on input line 568.
\macc@depth=\count95
\c@MaxMatrixCols=\count96
\dotsspace@=\muskip10
\c@parentequation=\count97
\dspbrk@lvl=\count98
\tag@help=\toks15
\row@=\count99
\column@=\count100
\maxfields@=\count101
\andhelp@=\toks16
\eqnshift@=\dimen106
\alignsep@=\dimen107
\tagshift@=\dimen108
\tagwidth@=\dimen109
\totwidth@=\dimen110
\lineht@=\dimen111
\@envbody=\toks17
\multlinegap=\skip44
\multlinetaggap=\skip45
\mathdisplay@stack=\toks18
LaTeX Info: Redefining \[ on input line 2666.
LaTeX Info: Redefining \] on input line 2667.
)
(D:\CTEX\MiKTeX\tex\latex\amsfonts\amssymb.sty
Package: amssymb 2009/06/22 v3.00

(D:\CTEX\MiKTeX\tex\latex\amsfonts\amsfonts.sty
Package: amsfonts 2009/06/22 v3.00 Basic AMSFonts support
\symAMSa=\mathgroup9
\symAMSb=\mathgroup10
LaTeX Font Info:    Overwriting math alphabet `\mathfrak' in version `bold'
(Font)                  U/euf/m/n --> U/euf/b/n on input line 96.
))
(D:\CTEX\MiKTeX\tex\latex\graphics\graphicx.sty
Package: graphicx 1999/02/16 v1.0f Enhanced LaTeX Graphics (DPC,SPQR)

(D:\CTEX\MiKTeX\tex\latex\graphics\keyval.sty
Package: keyval 1999/03/16 v1.13 key=value parser (DPC)
\KV@toks@=\toks19
)
(D:\CTEX\MiKTeX\tex\latex\graphics\graphics.sty
Package: graphics 2009/02/05 v1.0o Standard LaTeX Graphics (DPC,SPQR)

(D:\CTEX\MiKTeX\tex\latex\graphics\trig.sty
Package: trig 1999/03/16 v1.09 sin cos tan (DPC)
)
(D:\CTEX\MiKTeX\tex\latex\00miktex\graphics.cfg
File: graphics.cfg 2007/01/18 v1.5 graphics configuration of teTeX/TeXLive
)
Package graphics Info: Driver file: pdftex.def on input line 91.
)
\Gin@req@height=\dimen112
\Gin@req@width=\dimen113
)
(D:\CTEX\MiKTeX\tex\latex\cases\cases.sty
Package: cases 2002/05/02 ver 2.5 
)
(D:\code\tex\2019214979-ÂàòÊôìÂá°-ËΩØ‰ª∂19-1Áè≠\ÂãæËÇ°ÂÆöÁêÜ.aux)
LaTeX Font Info:    Checking defaults for OML/cmm/m/it on input line 66.
LaTeX Font Info:    ... okay on input line 66.
LaTeX Font Info:    Checking defaults for T1/cmr/m/n on input line 66.
LaTeX Font Info:    ... okay on input line 66.
LaTeX Font Info:    Checking defaults for OT1/cmr/m/n on input line 66.
LaTeX Font Info:    ... okay on input line 66.
LaTeX Font Info:    Checking defaults for OMS/cmsy/m/n on input line 66.
LaTeX Font Info:    ... okay on input line 66.
LaTeX Font Info:    Checking defaults for OMX/cmex/m/n on input line 66.
LaTeX Font Info:    ... okay on input line 66.
LaTeX Font Info:    Checking defaults for U/cmr/m/n on input line 66.
LaTeX Font Info:    ... okay on input line 66.
LaTeX Font Info:    Checking defaults for C00/song/m/n on input line 66.
LaTeX Font Info:    ... okay on input line 66.
LaTeX Font Info:    Checking defaults for C05/song/m/n on input line 66.
LaTeX Font Info:    ... okay on input line 66.
LaTeX Font Info:    Checking defaults for C09/song/m/n on input line 66.
LaTeX Font Info:    ... okay on input line 66.
LaTeX Font Info:    Checking defaults for C10/song/m/n on input line 66.
LaTeX Font Info:    ... okay on input line 66.
LaTeX Font Info:    Checking defaults for C20/song/m/n on input line 66.
LaTeX Font Info:    ... okay on input line 66.
LaTeX Font Info:    Checking defaults for C19/song/m/n on input line 66.
LaTeX Font Info:    ... okay on input line 66.
LaTeX Font Info:    Checking defaults for C40/song/m/n on input line 66.
LaTeX Font Info:    ... okay on input line 66.
LaTeX Font Info:    Checking defaults for C42/song/m/n on input line 66.
LaTeX Font Info:    ... okay on input line 66.
LaTeX Font Info:    Checking defaults for C43/song/m/n on input line 66.
LaTeX Font Info:    ... okay on input line 66.
LaTeX Font Info:    Checking defaults for C50/song/m/n on input line 66.
LaTeX Font Info:    ... okay on input line 66.
LaTeX Font Info:    Checking defaults for C52/song/m/n on input line 66.
LaTeX Font Info:    ... okay on input line 66.
LaTeX Font Info:    Checking defaults for C49/song/m/n on input line 66.
LaTeX Font Info:    ... okay on input line 66.
LaTeX Font Info:    Checking defaults for C60/mj/m/n on input line 66.
LaTeX Font Info:    ... okay on input line 66.
LaTeX Font Info:    Checking defaults for C61/mj/m/n on input line 66.
LaTeX Font Info:    ... okay on input line 66.
LaTeX Font Info:    Checking defaults for C63/mj/m/n on input line 66.
LaTeX Font Info:    ... okay on input line 66.
LaTeX Font Info:    Checking defaults for C64/mj/m/n on input line 66.
LaTeX Font Info:    ... okay on input line 66.
LaTeX Font Info:    Checking defaults for C65/mj/m/n on input line 66.
LaTeX Font Info:    ... okay on input line 66.
LaTeX Font Info:    Checking defaults for C70/song/m/n on input line 66.
LaTeX Font Info:    ... okay on input line 66.
LaTeX Font Info:    Checking defaults for C31/song/m/n on input line 66.
LaTeX Font Info:    ... okay on input line 66.
LaTeX Font Info:    Checking defaults for C32/song/m/n on input line 66.
LaTeX Font Info:    ... okay on input line 66.
LaTeX Font Info:    Checking defaults for C33/song/m/n on input line 66.
LaTeX Font Info:    ... okay on input line 66.
LaTeX Font Info:    Checking defaults for C34/song/m/n on input line 66.
LaTeX Font Info:    ... okay on input line 66.
LaTeX Font Info:    Checking defaults for C35/song/m/n on input line 66.
LaTeX Font Info:    ... okay on input line 66.
LaTeX Font Info:    Checking defaults for C36/song/m/n on input line 66.
LaTeX Font Info:    ... okay on input line 66.
LaTeX Font Info:    Checking defaults for C37/song/m/n on input line 66.
LaTeX Font Info:    ... okay on input line 66.
LaTeX Font Info:    Checking defaults for C80/song/m/n on input line 66.
LaTeX Font Info:    ... okay on input line 66.
LaTeX Font Info:    Checking defaults for C81/song/m/n on input line 66.
LaTeX Font Info:    ... okay on input line 66.
LaTeX Font Info:    Checking defaults for C01/song/m/n on input line 66.
LaTeX Font Info:    ... okay on input line 66.
LaTeX Font Info:    Checking defaults for C11/song/m/n on input line 66.
LaTeX Font Info:    ... okay on input line 66.
LaTeX Font Info:    Checking defaults for C21/song/m/n on input line 66.
LaTeX Font Info:    ... okay on input line 66.
LaTeX Font Info:    Checking defaults for C41/song/m/n on input line 66.
LaTeX Font Info:    ... okay on input line 66.
LaTeX Font Info:    Checking defaults for C62/song/m/n on input line 66.
LaTeX Font Info:    ... okay on input line 66.

(D:\CTEX\MiKTeX\tex\context\base\supp-pdf.mkii
[Loading MPS to PDF converter (version 2006.09.02).]
\scratchcounter=\count102
\scratchdimen=\dimen114
\scratchbox=\box29
\nofMPsegments=\count103
\nofMParguments=\count104
\everyMPshowfont=\toks20
\MPscratchCnt=\count105
\MPscratchDim=\dimen115
\MPnumerator=\count106
\makeMPintoPDFobject=\count107
\everyMPtoPDFconversion=\toks21
) (D:\CTEX\MiKTeX\tex\latex\cjk\standard.bdg
File: standard.bdg 2008/12/29 4.8.2
)
(D:\CTEX\MiKTeX\tex\latex\cjk\extended.enc
File: extended.enc 2008/12/29 4.8.2
)
(D:\CTEX\MiKTeX\tex\latex\cjk\extended.chr
File: extended.chr 2008/12/29 4.8.2
)
LaTeX Font Info:    Try loading font information for C19+song on input line 68.


(D:\CTEX\CTeX\tex\latex\CJK\GB\c19song.fd
File: c19song.fd 2009/09/23 4.8.2
)
\c@dingyi=\count108
\c@dingli=\count109
LaTeX Font Info:    Try loading font information for U+lasy on input line 96.

(D:\CTEX\MiKTeX\tex\latex\base\ulasy.fd
File: ulasy.fd 1998/08/17 v2.2e LaTeX symbol font definitions
)
LaTeX Font Info:    Try loading font information for U+msa on input line 96.

(D:\CTEX\MiKTeX\tex\latex\amsfonts\umsa.fd
File: umsa.fd 2009/06/22 v3.00 AMS symbols A
)
LaTeX Font Info:    Try loading font information for U+msb on input line 96.

(D:\CTEX\MiKTeX\tex\latex\amsfonts\umsb.fd
File: umsb.fd 2009/06/22 v3.00 AMS symbols B
)
LaTeX Font Info:    Font shape `U/lasy/b/n' in size <8> not available
(Font)              Font shape `U/lasy/m/n' tried instead on input line 96.
LaTeX Font Info:    Font shape `U/lasy/b/n' in size <6> not available
(Font)              Font shape `U/lasy/m/n' tried instead on input line 96.
LaTeX Font Info:    Font shape `U/lasy/b/n' in size <5> not available
(Font)              Font shape `U/lasy/m/n' tried instead on input line 96.
LaTeX Font Info:    Font shape `U/lasy/b/n' in size <9> not available
(Font)              Font shape `U/lasy/m/n' tried instead on input line 96.
LaTeX Font Info:    Try loading font information for C19+hei on input line 96.

(D:\CTEX\CTeX\tex\latex\CJK\GB\c19hei.fd
File: c19hei.fd 2009/09/23 4.8.2
)
LaTeX Font Info:    Try loading font information for OMS+cmr on input line 106.


(D:\CTEX\MiKTeX\tex\latex\base\omscmr.fd
File: omscmr.fd 1999/05/25 v2.5h Standard LaTeX font definitions
)
LaTeX Font Info:    Font shape `OMS/cmr/bx/n' in size <14.4> not available
(Font)              Font shape `OMS/cmsy/b/n' tried instead on input line 106.
LaTeX Font Info:    Font shape `OMS/cmr/m/n' in size <12> not available
(Font)              Font shape `OMS/cmsy/m/n' tried instead on input line 116.
 [1

{D:/CTEX/UserData/pdftex/config/pdftex.map{Unicode.sfd}{UGBK.sfd}}] <1.jpg, id=
72, 401.5pt x 314.17375pt>
File: 1.jpg Graphic file (type jpg)

<use 1.jpg>
Package pdftex.def Info: 1.jpg used on input line 123.
(pdftex.def)             Requested size: 240.90184pt x 188.50569pt.
 [2 <D:/code/tex/2019214979-ÂàòÊôìÂá°-ËΩØ‰ª∂19-1Áè≠/1.jpg>]
<2.jpg, id=78, 150.5625pt x 119.69719pt>
File: 2.jpg Graphic file (type jpg)
 <use 2.jpg>
Package pdftex.def Info: 2.jpg used on input line 137.
(pdftex.def)             Requested size: 90.33818pt x 71.81885pt.
 [3 <D:/code/tex/2019214979-ÂàòÊôìÂá°-ËΩØ‰ª∂19-1Áè≠/2.jpg>]
LaTeX Font Info:    Font shape `OMS/cmr/bx/n' in size <12> not available
(Font)              Font shape `OMS/cmsy/b/n' tried instead on input line 202.
 [4] <3.jpg, id=85, 578.16pt x 315.0972pt>
File: 3.jpg Graphic file (type jpg)

<use 3.jpg>
Package pdftex.def Info: 3.jpg used on input line 207.
(pdftex.def)             Requested size: 346.89867pt x 189.05977pt.
 <4.jpg, id=86, 703.87968pt x 495.35063pt>
File: 4.jpg Graphic file (type jpg)
 <use 4.jpg>
Package pdftex.def Info: 4.jpg used on input line 215.
(pdftex.def)             Requested size: 422.33107pt x 297.21268pt.

Overfull \hbox (31.6661pt too wide) in paragraph at lines 215--216
[][] 
 []

[5 <D:/code/tex/2019214979-ÂàòÊôìÂá°-ËΩØ‰ª∂19-1Áè≠/3.jpg>]
Missing character: There is no ß in font cmr12!
Missing character: There is no § in font cmr12!

Overfull \hbox (6.51558pt too wide) in paragraph at lines 231--246
\C19/song/m/n/12/58 è\OT1/cmr/m/n/12 AB\C19/song/bx/n/12/43 ⁄\OT1/cmr/m/n/12 BD
\C19/song/bx/n/12/41 © \C19/song/bx/n/12/37 O \C19/song/bx/n/12/40  \C19/song/
m/n/12/62 u\OT1/cmr/m/n/12 FB\C19/song/bx/n/12/43 ⁄\OT1/cmr/m/n/12 BC\C19/song/
m/n/12/26 ß \C19/song/bx/n/12/56 § \C19/song/m/n/12/61 ± \C19/song/m/n/12/25 v\
OT1/cmr/m/n/12 ABD\C19/song/bx/n/12/37 7 \C19/song/m/n/12/60 L \C19/song/m/n/12
/59 É \C19/song/bx/n/12/40  \C19/song/m/n/12/62 u \C19/song/m/n/12/25 v\OT1/cm
r/m/n/12 FBC\C19/song/m/n/12/25 " \C19/song/m/n/12/61 œ \C19/song/m/n/12/58 è\O
T1/cmr/m/n/12 A\C19/song/m/n/12/62 Ü\OT1/cmr/m/n/12 K\C19/song/bx/n/12/43 ⁄\OT1
/cmr/m/n/12 L\C19/song/bx/n/12/63 3
 []

[6 <D:/code/tex/2019214979-ÂàòÊôìÂá°-ËΩØ‰ª∂19-1Áè≠/4.jpg>] [7] [8]
(D:\code\tex\2019214979-ÂàòÊôìÂá°-ËΩØ‰ª∂19-1Áè≠\ÂãæËÇ°ÂÆöÁêÜ.aux) ) 
Here is how much of TeX's memory you used:
 4267 strings out of 495354
 55514 string characters out of 3183859
 110485 words of memory out of 3000000
 7292 multiletter control sequences out of 15000+200000
 55016 words of font info for 197 fonts, out of 3000000 for 9000
 14 hyphenation exceptions out of 8191
 35i,13n,28p,653b,570s stack positions out of 5000i,500n,10000p,200000b,50000s
<C:/WINDOWS/
Fonts/simhei.ttf><C:/WINDOWS/Fonts/simhei.ttf><C:/WINDOWS/Fonts/simhei.ttf><D:/
CTEX/CTeX/fonts/truetype/chinese/simsun.ttf><D:/CTEX/CTeX/fonts/truetype/chines
e/simsun.ttf><C:/WINDOWS/Fonts/simhei.ttf><C:/WINDOWS/Fonts/simhei.ttf><C:/WIND
OWS/Fonts/simhei.ttf><C:/WINDOWS/Fonts/simhei.ttf><D:/CTEX/CTeX/fonts/truetype/
chinese/simsun.ttf><D:/CTEX/CTeX/fonts/truetype/chinese/simsun.ttf><D:/CTEX/CTe
X/fonts/truetype/chinese/simsun.ttf><D:/CTEX/CTeX/fonts/truetype/chinese/simsun
.ttf><D:/CTEX/CTeX/fonts/truetype/chinese/simsun.ttf><D:/CTEX/CTeX/fonts/truety
pe/chinese/simsun.ttf><D:/CTEX/CTeX/fonts/truetype/chinese/simsun.ttf><D:/CTEX/
CTeX/fonts/truetype/chinese/simsun.ttf><D:/CTEX/CTeX/fonts/truetype/chinese/sim
sun.ttf><D:/CTEX/CTeX/fonts/truetype/chinese/simsun.ttf><D:/CTEX/CTeX/fonts/tru
etype/chinese/simsun.ttf><D:/CTEX/CTeX/fonts/truetype/chinese/simsun.ttf><D:/CT
EX/CTeX/fonts/truetype/chinese/simsun.ttf><D:/CTEX/CTeX/fonts/truetype/chinese/
simsun.ttf><D:/CTEX/CTeX/fonts/truetype/chinese/simsun.ttf><D:/CTEX/CTeX/fonts/
truetype/chinese/simsun.ttf><C:/WINDOWS/Fonts/simhei.ttf><C:/WINDOWS/Fonts/simh
ei.ttf><D:/CTEX/CTeX/fonts/truetype/chinese/simsun.ttf><D:/CTEX/CTeX/fonts/true
type/chinese/simsun.ttf><D:/CTEX/CTeX/fonts/truetype/chinese/simsun.ttf><D:/CTE
X/CTeX/fonts/truetype/chinese/simsun.ttf><D:/CTEX/CTeX/fonts/truetype/chinese/s
imsun.ttf><D:/CTEX/CTeX/fonts/truetype/chinese/simsun.ttf><D:/CTEX/CTeX/fonts/t
ruetype/chinese/simsun.ttf><D:/CTEX/CTeX/fonts/truetype/chinese/simsun.ttf><D:/
CTEX/CTeX/fonts/truetype/chinese/simsun.ttf><D:/CTEX/CTeX/fonts/truetype/chines
e/simsun.ttf><D:/CTEX/CTeX/fonts/truetype/chinese/simsun.ttf><D:/CTEX/CTeX/font
s/truetype/chinese/simsun.ttf><D:/CTEX/CTeX/fonts/truetype/chinese/simsun.ttf><
D:/CTEX/CTeX/fonts/truetype/chinese/simsun.ttf><D:/CTEX/CTeX/fonts/truetype/chi
nese/simsun.ttf><D:/CTEX/CTeX/fonts/truetype/chinese/simsun.ttf><C:/WINDOWS/Fon
ts/simhei.ttf><C:/WINDOWS/Fonts/simhei.ttf><D:/CTEX/CTeX/fonts/truetype/chinese
/simsun.ttf><D:/CTEX/CTeX/fonts/truetype/chinese/simsun.ttf><D:/CTEX/CTeX/fonts
/truetype/chinese/simsun.ttf><D:/CTEX/CTeX/fonts/truetype/chinese/simsun.ttf><D
:/CTEX/CTeX/fonts/truetype/chinese/simsun.ttf><D:/CTEX/CTeX/fonts/truetype/chin
ese/simsun.ttf><D:/CTEX/CTeX/fonts/truetype/chinese/simsun.ttf><D:/CTEX/CTeX/fo
nts/truetype/chinese/simsun.ttf><D:/CTEX/CTeX/fonts/truetype/chinese/simsun.ttf
><D:/CTEX/CTeX/fonts/truetype/chinese/simsun.ttf><D:/CTEX/CTeX/fonts/truetype/c
hinese/simsun.ttf><D:/CTEX/CTeX/fonts/truetype/chinese/simsun.ttf><D:/CTEX/CTeX
/fonts/truetype/chinese/simsun.ttf><D:/CTEX/CTeX/fonts/truetype/chinese/simsun.
ttf><D:/CTEX/CTeX/fonts/truetype/chinese/simsun.ttf><D:/CTEX/CTeX/fonts/truetyp
e/chinese/simsun.ttf><D:/CTEX/CTeX/fonts/truetype/chinese/simsun.ttf><D:/CTEX/M
iKTeX/fonts/type1/public/amsfonts/cm/cmbsy10.pfb><D:/CTEX/MiKTeX/fonts/type1/pu
blic/amsfonts/cm/cmbx12.pfb><D:/CTEX/MiKTeX/fonts/type1/public/amsfonts/cm/cmmi
12.pfb><D:/CTEX/MiKTeX/fonts/type1/public/amsfonts/cm/cmr10.pfb><D:/CTEX/MiKTeX
/fonts/type1/public/amsfonts/cm/cmr12.pfb><D:/CTEX/MiKTeX/fonts/type1/public/am
sfonts/cm/cmr8.pfb><D:/CTEX/MiKTeX/fonts/type1/public/amsfonts/cm/cmr9.pfb><D:/
CTEX/MiKTeX/fonts/type1/public/amsfonts/cm/cmsy10.pfb><D:/CTEX/MiKTeX/fonts/typ
e1/public/amsfonts/cm/cmsy6.pfb><D:/CTEX/MiKTeX/fonts/type1/public/amsfonts/cm/
cmsy8.pfb><D:/CTEX/MiKTeX/fonts/type1/public/amsfonts/cm/cmti12.pfb>
Output written on ÂãæËÇ°ÂÆöÁêÜ.pdf (8 pages, 643321 bytes).
PDF statistics:
 325 PDF objects out of 1000 (max. 8388607)
 0 named destinations out of 1000 (max. 500000)
 21 words of extra memory for PDF output out of 10000 (max. 10000000)

